<?xml version="1.0" encoding="UTF-8"?>
<!-- Generated by org.testng.reporters.JUnitReportReporter -->
<testsuite skipped="0" hostname="LAPTOP-CODLVOPG" name="TestAPI.sumofvalidation" tests="1" failures="0" timestamp="2020-08-21T16:34:11 IST" time="1.059" errors="0">
  <testcase name="sumvalidation" time="1.059" classname="TestAPI.sumofvalidation"/>
  <system-out/>
</testsuite> <!-- TestAPI.sumofvalidation -->
